<?xml version="1.0" encoding="UTF-8"?>
<testng-results ignored="0" total="1" passed="1" failed="0" skipped="0">
  <reporter-output>
  </reporter-output>
  <suite started-at="2024-06-03T22:32:23 IST" name="Default suite" finished-at="2024-06-03T22:32:24 IST" duration-ms="632">
    <groups>
    </groups>
    <test started-at="2024-06-03T22:32:23 IST" name="Default test" finished-at="2024-06-03T22:32:24 IST" duration-ms="632">
      <class name="NewPackage.CheckValidResponse">
        <test-method signature="getSingleUSer()[pri:0, instance:NewPackage.CheckValidResponse@4f80542f]" started-at="2024-06-03T22:32:23 IST" name="getSingleUSer" finished-at="2024-06-03T22:32:24 IST" duration-ms="620" status="PASS">
          <reporter-output>
          </reporter-output>
        </test-method> <!-- getSingleUSer -->
      </class> <!-- NewPackage.CheckValidResponse -->
    </test> <!-- Default test -->
  </suite> <!-- Default suite -->
</testng-results>
